<?xml version="1.0" encoding="UTF-8"?>
<robot generator="Robot 7.1.1 (Python 3.13.0 on win32)" generated="2024-12-24T23:11:38.309903" rpa="false" schemaversion="5">
<suite id="s1" name="Login" source="C:\Belajar QA\Belajar-Robot-Framework\step\login.robot">
<test id="s1-t1" name="Verify Login Success" line="25">
<kw name="Open Browser" owner="SeleniumLibrary" type="SETUP">
<msg time="2024-12-24T23:11:38.746440" level="INFO">Opening browser 'chrome' to base url 'https://www.saucedemo.com/'.</msg>
<arg>${WebSauceDemo}</arg>
<arg>${BROWSER}</arg>
<doc>Opens a new browser instance to the optional ``url``.</doc>
<status status="PASS" start="2024-12-24T23:11:38.745934" elapsed="2.077055"/>
</kw>
<kw name="Input Username User">
<kw name="Input Text" owner="SeleniumLibrary">
<msg time="2024-12-24T23:11:40.834709" level="INFO">Typing text 'standard_user' into text field '//*[@id="user-name"]'.</msg>
<arg>${textUsername}</arg>
<arg>standard_user</arg>
<doc>Types the given ``text`` into the text field identified by ``locator``.</doc>
<status status="PASS" start="2024-12-24T23:11:40.833790" elapsed="0.902897"/>
</kw>
<status status="PASS" start="2024-12-24T23:11:40.832983" elapsed="0.903951"/>
</kw>
<kw name="Input Password User">
<kw name="Input Text" owner="SeleniumLibrary">
<msg time="2024-12-24T23:11:41.738464" level="INFO">Typing text 'secret_sauce' into text field '//*[@id="password"]'.</msg>
<arg>${textPassword}</arg>
<arg>secret_sauce</arg>
<doc>Types the given ``text`` into the text field identified by ``locator``.</doc>
<status status="PASS" start="2024-12-24T23:11:41.738088" elapsed="0.200449"/>
</kw>
<status status="PASS" start="2024-12-24T23:11:41.737589" elapsed="0.201218"/>
</kw>
<kw name="Click Button Login">
<kw name="Click Element" owner="SeleniumLibrary">
<msg time="2024-12-24T23:11:41.940053" level="INFO">Clicking element '//*[@id="login-button"]'.</msg>
<arg>${btnLogin}</arg>
<doc>Click the element identified by ``locator``.</doc>
<status status="PASS" start="2024-12-24T23:11:41.939720" elapsed="0.202278"/>
</kw>
<kw name="Sleep" owner="BuiltIn">
<msg time="2024-12-24T23:11:43.143084" level="INFO">Slept 1 second.</msg>
<arg>1s</arg>
<doc>Pauses the test executed for the given time.</doc>
<status status="PASS" start="2024-12-24T23:11:42.142335" elapsed="1.000986"/>
</kw>
<status status="PASS" start="2024-12-24T23:11:41.939285" elapsed="1.204285"/>
</kw>
<kw name="Verify Login Page">
<kw name="Page Should Contain" owner="SeleniumLibrary">
<msg time="2024-12-24T23:11:43.181843" level="INFO">Current page contains text 'Products'.</msg>
<arg>Products</arg>
<doc>Verifies that current page contains ``text``.</doc>
<status status="PASS" start="2024-12-24T23:11:43.144972" elapsed="0.037159"/>
</kw>
<status status="PASS" start="2024-12-24T23:11:43.144295" elapsed="0.038085"/>
</kw>
<kw name="Close Browser" owner="SeleniumLibrary" type="TEARDOWN">
<doc>Closes the current browser.</doc>
<status status="PASS" start="2024-12-24T23:11:43.183182" elapsed="2.587974"/>
</kw>
<status status="PASS" start="2024-12-24T23:11:38.744103" elapsed="7.027530"/>
</test>
<test id="s1-t2" name="Verify Login Failed With Invalid Username" line="33">
<kw name="Open Browser" owner="SeleniumLibrary" type="SETUP">
<msg time="2024-12-24T23:11:45.773819" level="INFO">Opening browser 'chrome' to base url 'https://www.saucedemo.com/'.</msg>
<arg>${WebSauceDemo}</arg>
<arg>${BROWSER}</arg>
<doc>Opens a new browser instance to the optional ``url``.</doc>
<status status="PASS" start="2024-12-24T23:11:45.773319" elapsed="3.732526"/>
</kw>
<kw name="Input Invalid Username User">
<kw name="Input Text" owner="SeleniumLibrary">
<msg time="2024-12-24T23:11:49.519898" level="INFO">Typing text 'standard_admin' into text field '//*[@id="user-name"]'.</msg>
<arg>${textUsername}</arg>
<arg>standard_admin</arg>
<doc>Types the given ``text`` into the text field identified by ``locator``.</doc>
<status status="PASS" start="2024-12-24T23:11:49.519459" elapsed="0.254991"/>
</kw>
<status status="PASS" start="2024-12-24T23:11:49.518897" elapsed="0.255749"/>
</kw>
<kw name="Input Password User">
<kw name="Input Text" owner="SeleniumLibrary">
<msg time="2024-12-24T23:11:49.779776" level="INFO">Typing text 'secret_sauce' into text field '//*[@id="password"]'.</msg>
<arg>${textPassword}</arg>
<arg>secret_sauce</arg>
<doc>Types the given ``text`` into the text field identified by ``locator``.</doc>
<status status="PASS" start="2024-12-24T23:11:49.779218" elapsed="0.220691"/>
</kw>
<status status="PASS" start="2024-12-24T23:11:49.778679" elapsed="0.221441"/>
</kw>
<kw name="Click Button Login">
<kw name="Click Element" owner="SeleniumLibrary">
<msg time="2024-12-24T23:11:50.001615" level="INFO">Clicking element '//*[@id="login-button"]'.</msg>
<arg>${btnLogin}</arg>
<doc>Click the element identified by ``locator``.</doc>
<status status="PASS" start="2024-12-24T23:11:50.001188" elapsed="0.153307"/>
</kw>
<kw name="Sleep" owner="BuiltIn">
<msg time="2024-12-24T23:11:51.155149" level="INFO">Slept 1 second.</msg>
<arg>1s</arg>
<doc>Pauses the test executed for the given time.</doc>
<status status="PASS" start="2024-12-24T23:11:50.154765" elapsed="1.000591"/>
</kw>
<status status="PASS" start="2024-12-24T23:11:50.000675" elapsed="1.154900"/>
</kw>
<kw name="Verify Error Alert Show">
<kw name="Page Should Contain Element" owner="SeleniumLibrary">
<msg time="2024-12-24T23:11:51.183208" level="INFO">Current page contains element '//*[@id="login_button_container"]/div/form/div[3]'.</msg>
<arg>${textAlert}</arg>
<doc>Verifies that element ``locator`` is found on the current page.</doc>
<status status="PASS" start="2024-12-24T23:11:51.156825" elapsed="0.026560"/>
</kw>
<status status="PASS" start="2024-12-24T23:11:51.156139" elapsed="0.027460"/>
</kw>
<kw name="Close Browser" owner="SeleniumLibrary" type="TEARDOWN">
<doc>Closes the current browser.</doc>
<status status="PASS" start="2024-12-24T23:11:51.184332" elapsed="2.350610"/>
</kw>
<status status="PASS" start="2024-12-24T23:11:45.772651" elapsed="7.762890"/>
</test>
<status status="PASS" start="2024-12-24T23:11:38.312446" elapsed="15.225001"/>
</suite>
<statistics>
<total>
<stat pass="2" fail="0" skip="0">All Tests</stat>
</total>
<tag>
</tag>
<suite>
<stat pass="2" fail="0" skip="0" id="s1" name="Login">Login</stat>
</suite>
</statistics>
<errors>
</errors>
</robot>
